# JRE version: Java(TM) SE Runtime Environment (8.0_45-b14) (build 1.8.0_45-b14)
# Java VM: Java HotSpot(TM) 64-Bit Server VM (25.45-b02 mixed mode windows-amd64 compressed oops)
Heap:
 PSYoungGen      total 630272K, used 24447K [0x00000000d5980000, 0x0000000100000000, 0x0000000100000000)
  eden space 588288K, 4% used [0x00000000d5980000,0x00000000d715fe68,0x00000000f9800000)
  from space 41984K, 0% used [0x00000000fd700000,0x00000000fd700000,0x0000000100000000)
  to   space 53248K, 0% used [0x00000000f9800000,0x00000000f9800000,0x00000000fcc00000)
 ParOldGen       total 103936K, used 68042K [0x0000000080c00000, 0x0000000087180000, 0x00000000d5980000)
  object space 103936K, 65% used [0x0000000080c00000,0x0000000084e72880,0x0000000087180000)
 Metaspace       used 55482K, capacity 56199K, committed 56704K, reserved 1097728K
  class space    used 7289K, capacity 7496K, committed 7552K, reserved 1048576K
GC Heap History (10 events):
Event: 864.670 GC heap before
{Heap before GC invocations=16 (full 2):
 PSYoungGen      total 391680K, used 391648K [0x00000000d5980000, 0x00000000f8e80000, 0x0000000100000000)
  eden space 373760K, 100% used [0x00000000d5980000,0x00000000ec680000,0x00000000ec680000)
  from space 17920K, 99% used [0x00000000ec680000,0x00000000ed7f8270,0x00000000ed800000)
  to   space 24064K, 0% used [0x00000000f7700000,0x00000000f7700000,0x00000000f8e80000)
 ParOldGen       total 103936K, used 48983K [0x0000000080c00000, 0x0000000087180000, 0x00000000d5980000)
  object space 103936K, 47% used [0x0000000080c00000,0x0000000083bd5f38,0x0000000087180000)
 Metaspace       used 54058K, capacity 54709K, committed 55040K, reserved 1097728K
  class space    used 7235K, capacity 7404K, committed 7424K, reserved 1048576K
Event: 864.746 GC heap after
Heap after GC invocations=16 (full 2):
 PSYoungGen      total 540160K, used 24032K [0x00000000d5980000, 0x00000000f9880000, 0x0000000100000000)
  eden space 516096K, 0% used [0x00000000d5980000,0x00000000d5980000,0x00000000f5180000)
  from space 24064K, 99% used [0x00000000f7700000,0x00000000f8e78350,0x00000000f8e80000)
  to   space 36352K, 0% used [0x00000000f5180000,0x00000000f5180000,0x00000000f7500000)
 ParOldGen       total 103936K, used 74166K [0x0000000080c00000, 0x0000000087180000, 0x00000000d5980000)
  object space 103936K, 71% used [0x0000000080c00000,0x000000008546d938,0x0000000087180000)
 Metaspace       used 54058K, capacity 54709K, committed 55040K, reserved 1097728K
  class space    used 7235K, capacity 7404K, committed 7424K, reserved 1048576K
}
Event: 1727.444 GC heap before
{Heap before GC invocations=17 (full 2):
 PSYoungGen      total 540160K, used 540128K [0x00000000d5980000, 0x00000000f9880000, 0x0000000100000000)
  eden space 516096K, 100% used [0x00000000d5980000,0x00000000f5180000,0x00000000f5180000)
  from space 24064K, 99% used [0x00000000f7700000,0x00000000f8e78350,0x00000000f8e80000)
  to   space 36352K, 0% used [0x00000000f5180000,0x00000000f5180000,0x00000000f7500000)
 ParOldGen       total 103936K, used 74166K [0x0000000080c00000, 0x0000000087180000, 0x00000000d5980000)
  object space 103936K, 71% used [0x0000000080c00000,0x000000008546d938,0x0000000087180000)
 Metaspace       used 54962K, capacity 55617K, committed 55936K, reserved 1097728K
  class space    used 7261K, capacity 7456K, committed 7552K, reserved 1048576K
Event: 1727.528 GC heap after
Heap after GC invocations=17 (full 2):
 PSYoungGen      total 552448K, used 36016K [0x00000000d5980000, 0x0000000100000000, 0x0000000100000000)
  eden space 516096K, 0% used [0x00000000d5980000,0x00000000d5980000,0x00000000f5180000)
  from space 36352K, 99% used [0x00000000f5180000,0x00000000f74ac0c0,0x00000000f7500000)
  to   space 41984K, 0% used [0x00000000fd700000,0x00000000fd700000,0x0000000100000000)
 ParOldGen       total 103936K, used 89950K [0x0000000080c00000, 0x0000000087180000, 0x00000000d5980000)
  object space 103936K, 86% used [0x0000000080c00000,0x00000000863d7b88,0x0000000087180000)
 Metaspace       used 54962K, capacity 55617K, committed 55936K, reserved 1097728K
  class space    used 7261K, capacity 7456K, committed 7552K, reserved 1048576K
}
Event: 1727.528 GC heap before
{Heap before GC invocations=18 (full 3):
 PSYoungGen      total 552448K, used 36016K [0x00000000d5980000, 0x0000000100000000, 0x0000000100000000)
  eden space 516096K, 0% used [0x00000000d5980000,0x00000000d5980000,0x00000000f5180000)
  from space 36352K, 99% used [0x00000000f5180000,0x00000000f74ac0c0,0x00000000f7500000)
  to   space 41984K, 0% used [0x00000000fd700000,0x00000000fd700000,0x0000000100000000)
 ParOldGen       total 103936K, used 89950K [0x0000000080c00000, 0x0000000087180000, 0x00000000d5980000)
  object space 103936K, 86% used [0x0000000080c00000,0x00000000863d7b88,0x0000000087180000)
 Metaspace       used 54962K, capacity 55617K, committed 55936K, reserved 1097728K
  class space    used 7261K, capacity 7456K, committed 7552K, reserved 1048576K
Event: 1728.210 GC heap after
Heap after GC invocations=18 (full 3):
 PSYoungGen      total 552448K, used 0K [0x00000000d5980000, 0x0000000100000000, 0x0000000100000000)
  eden space 516096K, 0% used [0x00000000d5980000,0x00000000d5980000,0x00000000f5180000)
  from space 36352K, 0% used [0x00000000f5180000,0x00000000f5180000,0x00000000f7500000)
  to   space 41984K, 0% used [0x00000000fd700000,0x00000000fd700000,0x0000000100000000)
 ParOldGen       total 103936K, used 72039K [0x0000000080c00000, 0x0000000087180000, 0x00000000d5980000)
  object space 103936K, 69% used [0x0000000080c00000,0x0000000085259f00,0x0000000087180000)
 Metaspace       used 54962K, capacity 55617K, committed 55936K, reserved 1097728K
  class space    used 7261K, capacity 7456K, committed 7552K, reserved 1048576K
}
Event: 2397.983 GC heap before
{Heap before GC invocations=19 (full 3):
 PSYoungGen      total 552448K, used 516096K [0x00000000d5980000, 0x0000000100000000, 0x0000000100000000)
  eden space 516096K, 100% used [0x00000000d5980000,0x00000000f5180000,0x00000000f5180000)
  from space 36352K, 0% used [0x00000000f5180000,0x00000000f5180000,0x00000000f7500000)
  to   space 41984K, 0% used [0x00000000fd700000,0x00000000fd700000,0x0000000100000000)
 ParOldGen       total 103936K, used 72039K [0x0000000080c00000, 0x0000000087180000, 0x00000000d5980000)
  object space 103936K, 69% used [0x0000000080c00000,0x0000000085259f00,0x0000000087180000)
 Metaspace       used 55597K, capacity 56439K, committed 56704K, reserved 1097728K
  class space    used 7310K, capacity 7531K, committed 7552K, reserved 1048576K
Event: 2398.067 GC heap after
Heap after GC invocations=19 (full 3):
 PSYoungGen      total 630272K, used 41969K [0x00000000d5980000, 0x0000000100000000, 0x0000000100000000)
  eden space 588288K, 0% used [0x00000000d5980000,0x00000000d5980000,0x00000000f9800000)
  from space 41984K, 99% used [0x00000000fd700000,0x00000000ffffc5a0,0x0000000100000000)
  to   space 53248K, 0% used [0x00000000f9800000,0x00000000f9800000,0x00000000fcc00000)
 ParOldGen       total 103936K, used 84552K [0x0000000080c00000, 0x0000000087180000, 0x00000000d5980000)
  object space 103936K, 81% used [0x0000000080c00000,0x0000000085e921b8,0x0000000087180000)
 Metaspace       used 55597K, capacity 56439K, committed 56704K, reserved 1097728K
  class space    used 7310K, capacity 7531K, committed 7552K, reserved 1048576K
}
Event: 2398.067 GC heap before
{Heap before GC invocations=20 (full 4):
 PSYoungGen      total 630272K, used 41969K [0x00000000d5980000, 0x0000000100000000, 0x0000000100000000)
  eden space 588288K, 0% used [0x00000000d5980000,0x00000000d5980000,0x00000000f9800000)
  from space 41984K, 99% used [0x00000000fd700000,0x00000000ffffc5a0,0x0000000100000000)
  to   space 53248K, 0% used [0x00000000f9800000,0x00000000f9800000,0x00000000fcc00000)
 ParOldGen       total 103936K, used 84552K [0x0000000080c00000, 0x0000000087180000, 0x00000000d5980000)
  object space 103936K, 81% used [0x0000000080c00000,0x0000000085e921b8,0x0000000087180000)
 Metaspace       used 55597K, capacity 56439K, committed 56704K, reserved 1097728K
  class space    used 7310K, capacity 7531K, committed 7552K, reserved 1048576K
Event: 2398.574 GC heap after
Heap after GC invocations=20 (full 4):
 PSYoungGen      total 630272K, used 0K [0x00000000d5980000, 0x0000000100000000, 0x0000000100000000)
  eden space 588288K, 0% used [0x00000000d5980000,0x00000000d5980000,0x00000000f9800000)
  from space 41984K, 0% used [0x00000000fd700000,0x00000000fd700000,0x0000000100000000)
  to   space 53248K, 0% used [0x00000000f9800000,0x00000000f9800000,0x00000000fcc00000)
 ParOldGen       total 103936K, used 68042K [0x0000000080c00000, 0x0000000087180000, 0x00000000d5980000)
  object space 103936K, 65% used [0x0000000080c00000,0x0000000084e72880,0x0000000087180000)
 Metaspace       used 55462K, capacity 56199K, committed 56704K, reserved 1097728K
  class space    used 7289K, capacity 7496K, committed 7552K, reserved 1048576K
}

